\BOOKMARK [0][-]{chapter.1}{\376\377\0001\000\040\000N\000a\000m\000e\000s\000p\000a\000c\000e\000\040\000I\000n\000d\000e\000x}{}% 1
\BOOKMARK [1][-]{section.1.1}{\376\377\0001\000.\0001\000\040\000P\000a\000c\000k\000a\000g\000e\000\040\000L\000i\000s\000t}{chapter.1}% 2
\BOOKMARK [0][-]{chapter.2}{\376\377\0002\000\040\000F\000i\000l\000e\000\040\000I\000n\000d\000e\000x}{}% 3
\BOOKMARK [1][-]{section.2.1}{\376\377\0002\000.\0001\000\040\000F\000i\000l\000e\000\040\000L\000i\000s\000t}{chapter.2}% 4
\BOOKMARK [0][-]{chapter.3}{\376\377\0003\000\040\000N\000a\000m\000e\000s\000p\000a\000c\000e\000\040\000D\000o\000c\000u\000m\000e\000n\000t\000a\000t\000i\000o\000n}{}% 5
\BOOKMARK [1][-]{section.3.1}{\376\377\0003\000.\0001\000\040\000d\000e\000m\000o\000\137\000Q\000H\000C\000C\000\137\000X\000G\000B\000o\000o\000s\000t\000\040\000N\000a\000m\000e\000s\000p\000a\000c\000e\000\040\000R\000e\000f\000e\000r\000e\000n\000c\000e}{chapter.3}% 6
\BOOKMARK [2][-]{subsection.3.1.1}{\376\377\0003\000.\0001\000.\0001\000\040\000D\000e\000t\000a\000i\000l\000e\000d\000\040\000D\000e\000s\000c\000r\000i\000p\000t\000i\000o\000n}{section.3.1}% 7
\BOOKMARK [2][-]{subsection.3.1.2}{\376\377\0003\000.\0001\000.\0002\000\040\000F\000u\000n\000c\000t\000i\000o\000n\000\040\000D\000o\000c\000u\000m\000e\000n\000t\000a\000t\000i\000o\000n}{section.3.1}% 8
\BOOKMARK [3][-]{subsubsection.3.1.2.1}{\376\377\0003\000.\0001\000.\0002\000.\0001\000\040\000a\000u\000t\000o\000\137\000f\000e\000a\000t\000u\000r\000e\000\137\000s\000e\000l\000e\000c\000t\000\050\000\051}{subsection.3.1.2}% 9
\BOOKMARK [3][-]{subsubsection.3.1.2.2}{\376\377\0003\000.\0001\000.\0002\000.\0002\000\040\000e\000x\000p\000e\000r\000i\000m\000e\000n\000t\000\137\000r\000e\000d\000c\000a\000p\000\137\000l\000a\000b\000\050\000\051}{subsection.3.1.2}% 10
\BOOKMARK [3][-]{subsubsection.3.1.2.3}{\376\377\0003\000.\0001\000.\0002\000.\0003\000\040\000e\000x\000p\000e\000r\000i\000m\000e\000n\000t\000\137\000r\000e\000d\000c\000a\000p\000\137\000l\000a\000b\000\137\000r\000a\000d\000i\000o\000m\000i\000c\000s\000\050\000\051}{subsection.3.1.2}% 11
\BOOKMARK [3][-]{subsubsection.3.1.2.4}{\376\377\0003\000.\0001\000.\0002\000.\0004\000\040\000m\000a\000i\000n\000\050\000\051}{subsection.3.1.2}% 12
\BOOKMARK [1][-]{section.3.2}{\376\377\0003\000.\0002\000\040\000e\000x\000t\000r\000a\000c\000t\000\137\000Q\000H\000C\000C\000\137\000r\000a\000d\000i\000o\000m\000i\000c\000s\000\137\000f\000e\000a\000t\000u\000r\000e\000s\000\040\000N\000a\000m\000e\000s\000p\000a\000c\000e\000\040\000R\000e\000f\000e\000r\000e\000n\000c\000e}{chapter.3}% 13
\BOOKMARK [2][-]{subsection.3.2.1}{\376\377\0003\000.\0002\000.\0001\000\040\000D\000e\000t\000a\000i\000l\000e\000d\000\040\000D\000e\000s\000c\000r\000i\000p\000t\000i\000o\000n}{section.3.2}% 14
\BOOKMARK [2][-]{subsection.3.2.2}{\376\377\0003\000.\0002\000.\0002\000\040\000V\000a\000r\000i\000a\000b\000l\000e\000\040\000D\000o\000c\000u\000m\000e\000n\000t\000a\000t\000i\000o\000n}{section.3.2}% 15
\BOOKMARK [3][-]{subsubsection.3.2.2.1}{\376\377\0003\000.\0002\000.\0002\000.\0001\000\040\000e\000x\000t\000r\000a\000c\000t\000o\000r}{subsection.3.2.2}% 16
\BOOKMARK [3][-]{subsubsection.3.2.2.2}{\376\377\0003\000.\0002\000.\0002\000.\0002\000\040\000f\000e\000a\000t\000u\000r\000e\000\137\000r\000o\000w}{subsection.3.2.2}% 17
\BOOKMARK [3][-]{subsubsection.3.2.2.3}{\376\377\0003\000.\0002\000.\0002\000.\0003\000\040\000f\000e\000a\000t\000u\000r\000e\000s}{subsection.3.2.2}% 18
\BOOKMARK [3][-]{subsubsection.3.2.2.4}{\376\377\0003\000.\0002\000.\0002\000.\0004\000\040\000f\000l\000a\000t\000\137\000f\000e\000a\000t\000u\000r\000e\000s}{subsection.3.2.2}% 19
\BOOKMARK [3][-]{subsubsection.3.2.2.5}{\376\377\0003\000.\0002\000.\0002\000.\0005\000\040\000i\000m\000a\000g\000e}{subsection.3.2.2}% 20
\BOOKMARK [3][-]{subsubsection.3.2.2.6}{\376\377\0003\000.\0002\000.\0002\000.\0006\000\040\000i\000n\000d\000e\000x}{subsection.3.2.2}% 21
\BOOKMARK [3][-]{subsubsection.3.2.2.7}{\376\377\0003\000.\0002\000.\0002\000.\0007\000\040\000m\000a\000s\000k}{subsection.3.2.2}% 22
\BOOKMARK [3][-]{subsubsection.3.2.2.8}{\376\377\0003\000.\0002\000.\0002\000.\0008\000\040\000m\000a\000s\000k\000\137\000d\000i\000r}{subsection.3.2.2}% 23
\BOOKMARK [3][-]{subsubsection.3.2.2.9}{\376\377\0003\000.\0002\000.\0002\000.\0009\000\040\000m\000a\000s\000k\000\137\000f\000i\000l\000e\000s}{subsection.3.2.2}% 24
\BOOKMARK [3][-]{subsubsection.3.2.2.10}{\376\377\0003\000.\0002\000.\0002\000.\0001\0000\000\040\000m\000a\000s\000k\000\137\000p\000a\000t\000h}{subsection.3.2.2}% 25
\BOOKMARK [3][-]{subsubsection.3.2.2.11}{\376\377\0003\000.\0002\000.\0002\000.\0001\0001\000\040\000m\000r\000i\000\137\000d\000i\000r}{subsection.3.2.2}% 26
\BOOKMARK [3][-]{subsubsection.3.2.2.12}{\376\377\0003\000.\0002\000.\0002\000.\0001\0002\000\040\000m\000r\000i\000\137\000f\000i\000l\000e\000s}{subsection.3.2.2}% 27
\BOOKMARK [3][-]{subsubsection.3.2.2.13}{\376\377\0003\000.\0002\000.\0002\000.\0001\0003\000\040\000m\000r\000i\000\137\000p\000a\000t\000h}{subsection.3.2.2}% 28
\BOOKMARK [3][-]{subsubsection.3.2.2.14}{\376\377\0003\000.\0002\000.\0002\000.\0001\0004\000\040\000o\000u\000t\000p\000u\000t\000\137\000p\000a\000t\000h}{subsection.3.2.2}% 29
\BOOKMARK [3][-]{subsubsection.3.2.2.15}{\376\377\0003\000.\0002\000.\0002\000.\0001\0005\000\040\000r\000a\000d\000i\000o\000m\000i\000c\000s\000\137\000d\000a\000t\000a}{subsection.3.2.2}% 30
\BOOKMARK [3][-]{subsubsection.3.2.2.16}{\376\377\0003\000.\0002\000.\0002\000.\0001\0006\000\040\000t\000e\000m\000p\000\137\000m\000r\000i\000\137\000p\000a\000t\000h}{subsection.3.2.2}% 31
\BOOKMARK [0][-]{chapter.4}{\376\377\0004\000\040\000F\000i\000l\000e\000\040\000D\000o\000c\000u\000m\000e\000n\000t\000a\000t\000i\000o\000n}{}% 32
\BOOKMARK [1][-]{section.4.1}{\376\377\0004\000.\0001\000\040\000d\000e\000m\000o\000\137\000Q\000H\000C\000C\000\137\000X\000G\000B\000o\000o\000s\000t\000.\000p\000y\000\040\000F\000i\000l\000e\000\040\000R\000e\000f\000e\000r\000e\000n\000c\000e}{chapter.4}% 33
\BOOKMARK [1][-]{section.4.2}{\376\377\0004\000.\0002\000\040\000e\000x\000t\000r\000a\000c\000t\000\137\000Q\000H\000C\000C\000\137\000r\000a\000d\000i\000o\000m\000i\000c\000s\000\137\000f\000e\000a\000t\000u\000r\000e\000s\000.\000p\000y\000\040\000F\000i\000l\000e\000\040\000R\000e\000f\000e\000r\000e\000n\000c\000e}{chapter.4}% 34
